<?xml version="1.0" encoding="UTF-8"?>
<!-- Generated by org.testng.reporters.JUnitReportReporter -->
<testsuite hostname="LAPTOP-SU570FMD" failures="0" tests="4" name="testlayer.HRtest" time="154.848" errors="0" timestamp="2023-09-04T08:32:08 GMT-07:00" skipped="0">
  <testcase classname="testlayer.HRtest" name="Title" time="37.184"/>
  <system-out/>
  <testcase classname="testlayer.HRtest" name="Tc_valid_login" time="42.117"/>
  <system-out/>
  <testcase classname="testlayer.HRtest" name="Tc_valid_login" time="38.723"/>
  <system-out/>
  <testcase classname="testlayer.HRtest" name="Tc_valid_login" time="36.824"/>
  <system-out/>
</testsuite> <!-- testlayer.HRtest -->
